<?xml version="1.0" encoding="UTF-8"?>
<!-- Generated by org.testng.reporters.JUnitReportReporter -->
<testsuite hostname="DESKTOP-3O9T5AI" failures="0" tests="1" name="jeninsdemo.DemoTest" time="0.033" errors="0" timestamp="2022-10-03T06:10:51 IST" skipped="0">
  <testcase classname="jeninsdemo.DemoTest" name="tc4" time="0.033"/>
  <system-out>
    <![CDATA[Helo appiium]]>
  </system-out>
</testsuite> <!-- jeninsdemo.DemoTest -->
