<?xml version="1.0" encoding="UTF-8"?>
<!-- Generated by org.testng.reporters.JUnitReportReporter -->
<testsuite hostname="DESKTOP-3O9T5AI" failures="0" tests="1" name="jeninsdemo.DemoTest3" time="0.003" errors="0" timestamp="2022-10-03T06:10:51 IST" skipped="0">
  <testcase classname="jeninsdemo.DemoTest3" name="tc3" time="0.003"/>
  <system-out>
    <![CDATA[Helo appium]]>
  </system-out>
</testsuite> <!-- jeninsdemo.DemoTest3 -->
